[debug] [2022-02-26T15:07:57.668Z] ----------------------------------------------------------------------
[debug] [2022-02-26T15:07:57.670Z] Command:       C:\Program Files\nodejs\node.exe C:\Users\HP\AppData\Roaming\npm\node_modules\firebase-tools\lib\bin\firebase.js emulators:start
[debug] [2022-02-26T15:07:57.671Z] CLI Version:   10.2.1
[debug] [2022-02-26T15:07:57.671Z] Platform:      win32
[debug] [2022-02-26T15:07:57.671Z] Node Version:  v17.5.0
[debug] [2022-02-26T15:07:57.672Z] Time:          Sat Feb 26 2022 20:37:57 GMT+0530 (India Standard Time)
[debug] [2022-02-26T15:07:57.672Z] ----------------------------------------------------------------------
[debug] 
[debug] [2022-02-26T15:07:57.731Z] > command requires scopes: ["email","openid","https://www.googleapis.com/auth/cloudplatformprojects.readonly","https://www.googleapis.com/auth/firebase","https://www.googleapis.com/auth/cloud-platform"]
[debug] [2022-02-26T15:07:57.732Z] > authorizing via signed-in user (samarth.chauhan198@gmail.com)
[info] i  emulators: Starting emulators: functions, hosting {"metadata":{"emulator":{"name":"hub"},"message":"Starting emulators: functions, hosting"}}
[warn] !  emulators: It seems that you are running multiple instances of the emulator suite for project clone-10d6b. This may result in unexpected behavior. 
[debug] [2022-02-26T15:07:57.836Z] [hub] writing locator at C:\Users\HP\AppData\Local\Temp\hub-clone-10d6b.json
[warn] !  functions: The following emulators are not running, calls to these services from the Functions emulator will affect production: auth, firestore, database, pubsub, storage {"metadata":{"emulator":{"name":"functions"},"message":"The following emulators are not running, calls to these services from the Functions emulator will affect production: \u001b[1mauth, firestore, database, pubsub, storage\u001b[22m"}}
[warn] !  Your requested "node" version "16" doesn't match your global version "17". Using node@17 from host. {"metadata":{"emulator":{"name":"functions"},"message":"Your requested \"node\" version \"16\" doesn't match your global version \"17\". Using node@17 from host."}}
[debug] [2022-02-26T15:07:57.907Z] defaultcredentials: writing to file C:\Users\HP\AppData\Roaming\firebase\samarth_chauhan198_gmail.com_application_default_credentials.json
[debug] [2022-02-26T15:07:57.909Z] Setting GAC to C:\Users\HP\AppData\Roaming\firebase\samarth_chauhan198_gmail.com_application_default_credentials.json {"metadata":{"emulator":{"name":"functions"},"message":"Setting GAC to C:\\Users\\HP\\AppData\\Roaming\\firebase\\samarth_chauhan198_gmail.com_application_default_credentials.json"}}
[debug] [2022-02-26T15:07:57.913Z] >>> [apiv2][query] GET https://firebase.googleapis.com/v1beta1/projects/clone-10d6b/adminSdkConfig [none]
[debug] [2022-02-26T15:08:00.313Z] <<< [apiv2][status] GET https://firebase.googleapis.com/v1beta1/projects/clone-10d6b/adminSdkConfig 200
[debug] [2022-02-26T15:08:00.313Z] <<< [apiv2][body] GET https://firebase.googleapis.com/v1beta1/projects/clone-10d6b/adminSdkConfig {"projectId":"clone-10d6b","storageBucket":"clone-10d6b.appspot.com","locationId":"us-central"}
[debug] [2022-02-26T15:08:00.398Z] >>> [apiv2][query] GET https://firebasehosting.googleapis.com/v1beta1/projects/clone-10d6b/sites 
[debug] [2022-02-26T15:08:02.795Z] <<< [apiv2][status] GET https://firebasehosting.googleapis.com/v1beta1/projects/clone-10d6b/sites 200
[debug] [2022-02-26T15:08:02.795Z] <<< [apiv2][body] GET https://firebasehosting.googleapis.com/v1beta1/projects/clone-10d6b/sites {"sites":[{"name":"projects/407945143359/sites/clone-10d6b","defaultUrl":"https://clone-10d6b.web.app","appId":"1:407945143359:web:a3f8ea5d1b35b6f6a8848a","type":"DEFAULT_SITE"}]}
[debug] [2022-02-26T15:08:02.795Z] >>> [apiv2][query] GET https://firebase.googleapis.com/v1beta1/projects/clone-10d6b/webApps/1:407945143359:web:a3f8ea5d1b35b6f6a8848a/config [none]
[debug] [2022-02-26T15:08:05.919Z] <<< [apiv2][status] GET https://firebase.googleapis.com/v1beta1/projects/clone-10d6b/webApps/1:407945143359:web:a3f8ea5d1b35b6f6a8848a/config 200
[debug] [2022-02-26T15:08:05.919Z] <<< [apiv2][body] GET https://firebase.googleapis.com/v1beta1/projects/clone-10d6b/webApps/1:407945143359:web:a3f8ea5d1b35b6f6a8848a/config {"projectId":"clone-10d6b","appId":"1:407945143359:web:a3f8ea5d1b35b6f6a8848a","storageBucket":"clone-10d6b.appspot.com","locationId":"us-central","apiKey":"AIzaSyDmtI5y7R57TvhoIuiCqfvCw49amDGW92A","authDomain":"clone-10d6b.firebaseapp.com","messagingSenderId":"407945143359","measurementId":"G-M017T3JLEG"}
[info] i  hosting: Serving hosting files from: build {"metadata":{"emulator":{"name":"hosting"},"message":"Serving hosting files from: \u001b[1mbuild\u001b[22m"}}
[info] +  hosting: Local server: http://localhost:5000 {"metadata":{"emulator":{"name":"hosting"},"message":"Local server: \u001b[4m\u001b[1mhttp://localhost:5000\u001b[22m\u001b[24m"}}
[debug] [2022-02-26T15:08:06.208Z] Ignoring unsupported arg: auto_download {"metadata":{"emulator":{"name":"ui"},"message":"Ignoring unsupported arg: auto_download"}}
[debug] [2022-02-26T15:08:06.208Z] Ignoring unsupported arg: port {"metadata":{"emulator":{"name":"ui"},"message":"Ignoring unsupported arg: port"}}
[debug] [2022-02-26T15:08:06.209Z] Starting Emulator UI with command {"binary":"node","args":["C:\\Users\\HP\\.cache\\firebase\\emulators\\ui-v1.6.5\\server.bundle.js"],"optionalArgs":[],"joinArgs":false} {"metadata":{"emulator":{"name":"ui"},"message":"Starting Emulator UI with command {\"binary\":\"node\",\"args\":[\"C:\\\\Users\\\\HP\\\\.cache\\\\firebase\\\\emulators\\\\ui-v1.6.5\\\\server.bundle.js\"],\"optionalArgs\":[],\"joinArgs\":false}"}}
[info] i  ui: Emulator UI logging to ui-debug.log {"metadata":{"emulator":{"name":"ui"},"message":"Emulator UI logging to \u001b[1mui-debug.log\u001b[22m"}}
[debug] [2022-02-26T15:08:06.361Z] Web / API server started at localhost:4000
 {"metadata":{"emulator":{"name":"ui"},"message":"Web / API server started at localhost:4000\n"}}
[info] i  functions: Watching "G:\AmazonCLone\amazon-clone\functions" for Cloud Functions... {"metadata":{"emulator":{"name":"functions"},"message":"Watching \"G:\\AmazonCLone\\amazon-clone\\functions\" for Cloud Functions..."}}
[debug] [2022-02-26T15:08:06.489Z] Validating nodejs source
[debug] [2022-02-26T15:08:11.187Z] > [functions] package.json contents: {
  "name": "functions",
  "description": "Cloud Functions for Firebase",
  "scripts": {
    "lint": "eslint .",
    "serve": "firebase emulators:start --only functions",
    "shell": "firebase functions:shell",
    "start": "npm run shell",
    "deploy": "firebase deploy --only functions",
    "logs": "firebase functions:log"
  },
  "engines": {
    "node": "16"
  },
  "main": "index.js",
  "dependencies": {
    "cors": "^2.8.5",
    "express": "^4.17.3",
    "firebase-admin": "^9.8.0",
    "firebase-functions": "^3.14.1",
    "stripe": "^8.204.0"
  },
  "devDependencies": {
    "@babel/eslint-parser": "^7.17.0",
    "babel-eslint": "^10.1.0",
    "eslint": "^7.6.0",
    "eslint-config-google": "^0.14.0",
    "firebase-functions-test": "^0.2.0"
  },
  "private": true
}
[debug] [2022-02-26T15:08:11.188Z] Building nodejs source
[debug] [2022-02-26T15:08:11.188Z] Analyzing nodejs backend spec
[info] +  functions[us-central1-api]: http function initialized (http://localhost:5001/clone-10d6b/us-central1/api). {"metadata":{"emulator":{"name":"functions"},"message":"\u001b[1mhttp\u001b[22m function initialized (http://localhost:5001/clone-10d6b/us-central1/api)."}}
[info] 
┌─────────────────────────────────────────────────────────────┐
│ ✔  All emulators ready! It is now safe to connect your app. │
│ i  View Emulator UI at http://localhost:4000                │
└─────────────────────────────────────────────────────────────┘

┌───────────┬────────────────┬─────────────────────────────────┐
│ Emulator  │ Host:Port      │ View in Emulator UI             │
├───────────┼────────────────┼─────────────────────────────────┤
│ Functions │ localhost:5001 │ http://localhost:4000/functions │
├───────────┼────────────────┼─────────────────────────────────┤
│ Hosting   │ localhost:5000 │ n/a                             │
└───────────┴────────────────┴─────────────────────────────────┘
  Emulator Hub running at localhost:4400
  Other reserved ports: 4500

Issues? Report them at https://github.com/firebase/firebase-tools/issues and attach the *-debug.log files.
 
[debug] [2022-02-26T15:08:22.852Z] [work-queue] {"queueLength":1,"workRunningCount":0}
[debug] [2022-02-26T15:08:22.853Z] [work-queue] {"queueLength":0,"workRunningCount":1}
[debug] [2022-02-26T15:08:22.854Z] Accepted request GET /clone-10d6b/us-central1/api --> us-central1-api
[debug] [2022-02-26T15:08:22.911Z] [worker-pool] addWorker(us-central1-api) {"metadata":{"emulator":{"name":"functions"},"message":"[worker-pool] addWorker(us-central1-api)"}}
[debug] [2022-02-26T15:08:22.911Z] [worker-pool] Adding worker with key us-central1-api, total=1 {"metadata":{"emulator":{"name":"functions"},"message":"[worker-pool] Adding worker with key us-central1-api, total=1"}}
[debug] [2022-02-26T15:08:22.912Z] [worker-pool] submitWork(triggerId=us-central1-api) {"metadata":{"emulator":{"name":"functions"},"message":"[worker-pool] submitWork(triggerId=us-central1-api)"}}
[debug] [2022-02-26T15:08:22.912Z] [worker-us-central1-api-326349a6-a28c-465b-a500-de93c6cace8a]: Assigning socketPath: \\?\pipe\G:\AmazonCLone\amazon-clone\functions\17104 {"metadata":{"emulator":{"name":"functions"},"message":"[worker-us-central1-api-326349a6-a28c-465b-a500-de93c6cace8a]: Assigning socketPath: \\\\?\\pipe\\G:\\AmazonCLone\\amazon-clone\\functions\\17104"}}
[debug] [2022-02-26T15:08:22.913Z] [worker-us-central1-api-326349a6-a28c-465b-a500-de93c6cace8a]: BUSY {"metadata":{"emulator":{"name":"functions"},"message":"[worker-us-central1-api-326349a6-a28c-465b-a500-de93c6cace8a]: BUSY"}}
[debug] [2022-02-26T15:08:24.065Z] [runtime-status] [17104] Functions runtime initialized. {"cwd":"G:\\AmazonCLone\\amazon-clone\\functions","node_version":"17.5.0"} {"metadata":{"emulator":{"name":"functions"},"function":{"name":"us-central1-api"},"message":"[runtime-status] [17104] Functions runtime initialized. {\"cwd\":\"G:\\\\AmazonCLone\\\\amazon-clone\\\\functions\",\"node_version\":\"17.5.0\"}"}}
[debug] [2022-02-26T15:08:24.067Z] [runtime-status] [17104] Disabled runtime features: undefined {"metadata":{"emulator":{"name":"functions"},"function":{"name":"us-central1-api"},"message":"[runtime-status] [17104] Disabled runtime features: undefined"}}
[debug] [2022-02-26T15:08:24.070Z] [runtime-status] [17104] Resolved module firebase-admin {"declared":true,"installed":true,"version":"9.12.0","resolution":"G:\\AmazonCLone\\amazon-clone\\functions\\node_modules\\firebase-admin\\lib\\index.js"} {"metadata":{"emulator":{"name":"functions"},"function":{"name":"us-central1-api"},"message":"[runtime-status] [17104] Resolved module firebase-admin {\"declared\":true,\"installed\":true,\"version\":\"9.12.0\",\"resolution\":\"G:\\\\AmazonCLone\\\\amazon-clone\\\\functions\\\\node_modules\\\\firebase-admin\\\\lib\\\\index.js\"}"}}
[debug] [2022-02-26T15:08:24.071Z] [runtime-status] [17104] Resolved module firebase-functions {"declared":true,"installed":true,"version":"3.18.1","resolution":"G:\\AmazonCLone\\amazon-clone\\functions\\node_modules\\firebase-functions\\lib\\index.js"} {"metadata":{"emulator":{"name":"functions"},"function":{"name":"us-central1-api"},"message":"[runtime-status] [17104] Resolved module firebase-functions {\"declared\":true,\"installed\":true,\"version\":\"3.18.1\",\"resolution\":\"G:\\\\AmazonCLone\\\\amazon-clone\\\\functions\\\\node_modules\\\\firebase-functions\\\\lib\\\\index.js\"}"}}
[debug] [2022-02-26T15:08:24.072Z] [runtime-status] [17104] Outgoing network have been stubbed. [{"name":"http","status":"mocked"},{"name":"http","status":"mocked"},{"name":"https","status":"mocked"},{"name":"https","status":"mocked"},{"name":"net","status":"mocked"}] {"metadata":{"emulator":{"name":"functions"},"function":{"name":"us-central1-api"},"message":"[runtime-status] [17104] Outgoing network have been stubbed. [{\"name\":\"http\",\"status\":\"mocked\"},{\"name\":\"http\",\"status\":\"mocked\"},{\"name\":\"https\",\"status\":\"mocked\"},{\"name\":\"https\",\"status\":\"mocked\"},{\"name\":\"net\",\"status\":\"mocked\"}]"}}
[debug] [2022-02-26T15:08:24.072Z] [runtime-status] [17104] Resolved module firebase-functions {"declared":true,"installed":true,"version":"3.18.1","resolution":"G:\\AmazonCLone\\amazon-clone\\functions\\node_modules\\firebase-functions\\lib\\index.js"} {"metadata":{"emulator":{"name":"functions"},"function":{"name":"us-central1-api"},"message":"[runtime-status] [17104] Resolved module firebase-functions {\"declared\":true,\"installed\":true,\"version\":\"3.18.1\",\"resolution\":\"G:\\\\AmazonCLone\\\\amazon-clone\\\\functions\\\\node_modules\\\\firebase-functions\\\\lib\\\\index.js\"}"}}
[debug] [2022-02-26T15:08:24.113Z] [runtime-status] [17104] Checked functions.config() {"config":{}} {"metadata":{"emulator":{"name":"functions"},"function":{"name":"us-central1-api"},"message":"[runtime-status] [17104] Checked functions.config() {\"config\":{}}"}}
[debug] [2022-02-26T15:08:24.114Z] [runtime-status] [17104] firebase-functions has been stubbed. {"functionsResolution":{"declared":true,"installed":true,"version":"3.18.1","resolution":"G:\\AmazonCLone\\amazon-clone\\functions\\node_modules\\firebase-functions\\lib\\index.js"}} {"metadata":{"emulator":{"name":"functions"},"function":{"name":"us-central1-api"},"message":"[runtime-status] [17104] firebase-functions has been stubbed. {\"functionsResolution\":{\"declared\":true,\"installed\":true,\"version\":\"3.18.1\",\"resolution\":\"G:\\\\AmazonCLone\\\\amazon-clone\\\\functions\\\\node_modules\\\\firebase-functions\\\\lib\\\\index.js\"}}"}}
[debug] [2022-02-26T15:08:24.115Z] [runtime-status] [17104] Resolved module firebase-functions {"declared":true,"installed":true,"version":"3.18.1","resolution":"G:\\AmazonCLone\\amazon-clone\\functions\\node_modules\\firebase-functions\\lib\\index.js"} {"metadata":{"emulator":{"name":"functions"},"function":{"name":"us-central1-api"},"message":"[runtime-status] [17104] Resolved module firebase-functions {\"declared\":true,\"installed\":true,\"version\":\"3.18.1\",\"resolution\":\"G:\\\\AmazonCLone\\\\amazon-clone\\\\functions\\\\node_modules\\\\firebase-functions\\\\lib\\\\index.js\"}"}}
[debug] [2022-02-26T15:08:24.116Z] [runtime-status] [17104] Resolved module firebase-admin {"declared":true,"installed":true,"version":"9.12.0","resolution":"G:\\AmazonCLone\\amazon-clone\\functions\\node_modules\\firebase-admin\\lib\\index.js"} {"metadata":{"emulator":{"name":"functions"},"function":{"name":"us-central1-api"},"message":"[runtime-status] [17104] Resolved module firebase-admin {\"declared\":true,\"installed\":true,\"version\":\"9.12.0\",\"resolution\":\"G:\\\\AmazonCLone\\\\amazon-clone\\\\functions\\\\node_modules\\\\firebase-admin\\\\lib\\\\index.js\"}"}}
[debug] [2022-02-26T15:08:24.116Z] [runtime-status] [17104] Resolved module firebase-functions {"declared":true,"installed":true,"version":"3.18.1","resolution":"G:\\AmazonCLone\\amazon-clone\\functions\\node_modules\\firebase-functions\\lib\\index.js"} {"metadata":{"emulator":{"name":"functions"},"function":{"name":"us-central1-api"},"message":"[runtime-status] [17104] Resolved module firebase-functions {\"declared\":true,\"installed\":true,\"version\":\"3.18.1\",\"resolution\":\"G:\\\\AmazonCLone\\\\amazon-clone\\\\functions\\\\node_modules\\\\firebase-functions\\\\lib\\\\index.js\"}"}}
[debug] [2022-02-26T15:08:24.117Z] [runtime-status] [17104] firebase-admin has been stubbed. {"adminResolution":{"declared":true,"installed":true,"version":"9.12.0","resolution":"G:\\AmazonCLone\\amazon-clone\\functions\\node_modules\\firebase-admin\\lib\\index.js"}} {"metadata":{"emulator":{"name":"functions"},"function":{"name":"us-central1-api"},"message":"[runtime-status] [17104] firebase-admin has been stubbed. {\"adminResolution\":{\"declared\":true,\"installed\":true,\"version\":\"9.12.0\",\"resolution\":\"G:\\\\AmazonCLone\\\\amazon-clone\\\\functions\\\\node_modules\\\\firebase-admin\\\\lib\\\\index.js\"}}"}}
[debug] [2022-02-26T15:08:24.255Z] [runtime-status] [17104] Beginning invocation function api! {"metadata":{"emulator":{"name":"functions"},"function":{"name":"us-central1-api"},"message":"[runtime-status] [17104] Beginning invocation function api!"}}
[info] i  functions: Beginning execution of "api" {"metadata":{"emulator":{"name":"functions"},"function":{"name":"us-central1-api"},"message":"Beginning execution of \"api\""}}
[debug] [2022-02-26T15:08:24.256Z] [runtime-status] [17104] Running api in signature http {"metadata":{"emulator":{"name":"functions"},"function":{"name":"us-central1-api"},"message":"[runtime-status] [17104] Running api in signature http"}}
[debug] [2022-02-26T15:08:24.261Z] [runtime-status] [17104] Attempting to listen to socketPath: \\?\pipe\G:\AmazonCLone\amazon-clone\functions\17104 {"metadata":{"emulator":{"name":"functions"},"function":{"name":"us-central1-api"},"message":"[runtime-status] [17104] Attempting to listen to socketPath: \\\\?\\pipe\\G:\\AmazonCLone\\amazon-clone\\functions\\17104"}}
[debug] [2022-02-26T15:08:24.267Z] [functions] Runtime ready! Sending request! {"metadata":{"emulator":{"name":"functions"},"message":"[functions] Runtime ready! Sending request!"}}
[debug] [2022-02-26T15:08:24.268Z] [functions] Got req.url=/clone-10d6b/us-central1/api, mapping to path=/ {"metadata":{"emulator":{"name":"functions"},"message":"[functions] Got req.url=/clone-10d6b/us-central1/api, mapping to path=/"}}
[debug] [2022-02-26T15:08:24.273Z] [runtime-status] [17104] Ephemeral server handling GET request {"metadata":{"emulator":{"name":"functions"},"function":{"name":"us-central1-api"},"message":"[runtime-status] [17104] Ephemeral server handling GET request"}}
[debug] [2022-02-26T15:08:24.279Z] [runtime-status] [17104] Ephemeral server survived. {"metadata":{"emulator":{"name":"functions"},"function":{"name":"us-central1-api"},"message":"[runtime-status] [17104] Ephemeral server survived."}}
[info] i  functions: Finished "api" in ~1s {"metadata":{"emulator":{"name":"functions"},"function":{"name":"us-central1-api"},"message":"Finished \"api\" in ~1s"}}
[debug] [2022-02-26T15:08:24.283Z] [worker-us-central1-api-326349a6-a28c-465b-a500-de93c6cace8a]: IDLE {"metadata":{"emulator":{"name":"functions"},"message":"[worker-us-central1-api-326349a6-a28c-465b-a500-de93c6cace8a]: IDLE"}}
[debug] [2022-02-26T15:08:24.283Z] [work-queue] {"queueLength":0,"workRunningCount":0}
